Removed Pin From Net: NetName=GND Pin=C8-2
Removed Pin From Net: NetName=VCC Pin=L2-2
Removed Pin From Net: NetName=GND Pin=ME1-1
Removed Pin From Net: NetName=NetMG1_2 Pin=Q1-1
Removed Pin From Net: NetName=NetMG2_2 Pin=Q2-1
Removed Pin From Net: NetName=NetMG3_2 Pin=Q3-1
Removed Pin From Net: NetName=NetMG4_2 Pin=Q4-1
Removed Pin From Net: NetName=NetD5_2 Pin=Q5-1
Removed Pin From Net: NetName=GND Pin=R2-1
Removed Pin From Net: NetName=GND Pin=R2-2
Removed Member From Class: ClassName=Drone_v1.0 Member=L2
Removed Member From Class: ClassName=Drone_v1.0 Member=ME1
Change Component DesignItemId : Designator=Q1 Old DesignItemId=MOSFET-N New DesignItemId=SI2302
Change Component DesignItemId : Designator=Q2 Old DesignItemId=MOSFET-N New DesignItemId=SI2302
Change Component DesignItemId : Designator=Q3 Old DesignItemId=MOSFET-N New DesignItemId=SI2302
Change Component DesignItemId : Designator=Q4 Old DesignItemId=MOSFET-N New DesignItemId=SI2302
Change Component DesignItemId : Designator=Q5 Old DesignItemId=MOSFET-N New DesignItemId=SI2302
Change Component Footprint: Designator=Q1 Old Footprint=SOT-23 New Footprint=PCBComponent_1
Change Component Footprint: Designator=Q2 Old Footprint=SOT-23 New Footprint=PCBComponent_1
Change Component Footprint: Designator=Q3 Old Footprint=SOT-23 New Footprint=PCBComponent_1
Change Component Footprint: Designator=Q4 Old Footprint=SOT-23 New Footprint=PCBComponent_1
Change Component Footprint: Designator=Q5 Old Footprint=SOT-23 New Footprint=PCBComponent_1
Change Component Comment : Designator=Q5 Old Comment=MOSFET-N New Comment=MOSN
Change Component Comment : Designator=Q1 Old Comment=SI2302 New Comment=MOSN
Change Component Comment : Designator=Q2 Old Comment=SI2302 New Comment=MOSN
Change Component Comment : Designator=Q3 Old Comment=SI2302 New Comment=MOSN
Change Component Comment : Designator=Q4 Old Comment=SI2302 New Comment=MOSN
Change Component Designator: OldDesignator=BMP280 NewDesignator=P1
Change Component Designator: OldDesignator=C9 NewDesignator=C8
Change Component Designator: OldDesignator=C10 NewDesignator=C9
Change Component Designator: OldDesignator=C11 NewDesignator=C10
Change Component Designator: OldDesignator=C12 NewDesignator=C11
Change Component Designator: OldDesignator=C13 NewDesignator=C12
Change Component Designator: OldDesignator=C14 NewDesignator=C13
Change Component Designator: OldDesignator=C15 NewDesignator=C14
Change Component Designator: OldDesignator=C16 NewDesignator=C15
Change Component Designator: OldDesignator=C17 NewDesignator=C16
Change Component Designator: OldDesignator=C18 NewDesignator=C17
Change Component Designator: OldDesignator=D2 NewDesignator=D1
Change Component Designator: OldDesignator=D3 NewDesignator=D2
Change Component Designator: OldDesignator=D4 NewDesignator=D3
Change Component Designator: OldDesignator=D5 NewDesignator=D4
Change Component Designator: OldDesignator=D6 NewDesignator=D5
Change Component Designator: OldDesignator=D7 NewDesignator=D6
Change Component Designator: OldDesignator=D8 NewDesignator=D7
Change Component Designator: OldDesignator=D9 NewDesignator=D8
Change Component Designator: OldDesignator=D10 NewDesignator=D9
Change Component Designator: OldDesignator=D11 NewDesignator=D10
Change Component Designator: OldDesignator=D12 NewDesignator=D11
Change Component Designator: OldDesignator=PORT NewDesignator=PORT1
Change Component Designator: OldDesignator=POWER NewDesignator=POWER1
Change Component Designator: OldDesignator=R3 NewDesignator=R2
Change Component Designator: OldDesignator=R4 NewDesignator=R3
Change Component Designator: OldDesignator=R5 NewDesignator=R4
Change Component Designator: OldDesignator=R6 NewDesignator=R5
Change Component Designator: OldDesignator=R7 NewDesignator=R6
Change Component Designator: OldDesignator=R8 NewDesignator=R7
Change Component Designator: OldDesignator=R9 NewDesignator=R8
Change Component Designator: OldDesignator=R10 NewDesignator=R9
Change Component Designator: OldDesignator=R11 NewDesignator=R10
Change Component Designator: OldDesignator=R12 NewDesignator=R11
Change Component Designator: OldDesignator=R13 NewDesignator=R12
Change Component Designator: OldDesignator=R14 NewDesignator=R13
Change Component Designator: OldDesignator=R15 NewDesignator=R14
Change Component Designator: OldDesignator=R16 NewDesignator=R15
Change Component Designator: OldDesignator=R17 NewDesignator=R16
Change Component Designator: OldDesignator=R18 NewDesignator=R17
Change Component Designator: OldDesignator=R19 NewDesignator=R18
Change Component Designator: OldDesignator=R20 NewDesignator=R19
Change Component Designator: OldDesignator=R21 NewDesignator=R20
Change Component Designator: OldDesignator=R22 NewDesignator=R21
Change Component Designator: OldDesignator=R23 NewDesignator=R22
Change Component Designator: OldDesignator=R24 NewDesignator=R23
Change Component Designator: OldDesignator=R25 NewDesignator=R24
Change Component Designator: OldDesignator=R26 NewDesignator=R25
Change Component Designator: OldDesignator=R27 NewDesignator=R26
Change Component Designator: OldDesignator=R28 NewDesignator=R27
Change Component Designator: OldDesignator=R29 NewDesignator=R28
Change Component Designator: OldDesignator=R30 NewDesignator=R29
Change Component Designator: OldDesignator=R31 NewDesignator=R30
Change Component Designator: OldDesignator=Wifi NewDesignator=Header1
Added Component: Designator=PORT2(HDR2X4_CEN)
Added Pin To Net: NetName=VCC Pin=L1-1
Added Pin To Net: NetName=SCL Pin=PORT2-1
Added Pin To Net: NetName=GND Pin=PORT2-2
Added Pin To Net: NetName=SDA Pin=PORT2-3
Added Pin To Net: NetName=3V3 Pin=PORT2-4
Added Pin To Net: NetName=3V3 Pin=PORT2-5
Added Pin To Net: NetName=GND Pin=PORT2-8
Added Pin To Net: NetName=GND Pin=POWER1-1
Added Pin To Net: NetName=NetMG1_2 Pin=Q1-2
Added Pin To Net: NetName=GND Pin=Q1-3
Added Pin To Net: NetName=NetMG2_2 Pin=Q2-2
Added Pin To Net: NetName=GND Pin=Q2-3
Added Pin To Net: NetName=NetMG3_2 Pin=Q3-2
Added Pin To Net: NetName=GND Pin=Q3-3
Added Pin To Net: NetName=NetMG4_2 Pin=Q4-2
Added Pin To Net: NetName=GND Pin=Q4-3
Added Pin To Net: NetName=NetD5_2 Pin=Q5-2
Added Pin To Net: NetName=GND Pin=Q5-3
Added Pin To Net: NetName=GND Pin=R2-2
Added Pin To Net: NetName=GND Pin=R25-1
Added Pin To Net: NetName=GND Pin=R26-1
Added Pin To Net: NetName=GND Pin=R27-1
Added Pin To Net: NetName=GND Pin=R28-1
Added Pin To Net: NetName=GND Pin=R30-1
Change Net Name : Old Net Name=NetC12_1 New Net Name=NetC11_1
Change Net Name : Old Net Name=NetD2_1 New Net Name=NetD1_1
Change Net Name : Old Net Name=NetD3_1 New Net Name=NetD2_1
Change Net Name : Old Net Name=NetD4_1 New Net Name=NetD3_1
Change Net Name : Old Net Name=NetD5_1 New Net Name=NetD4_1
Change Net Name : Old Net Name=NetD5_2 New Net Name=NetD4_2
Change Net Name : Old Net Name=NetD6_1 New Net Name=NetD5_1
Change Net Name : Old Net Name=NetD7_1 New Net Name=NetD6_1
Change Net Name : Old Net Name=NetD8_1 New Net Name=NetD7_1
Change Net Name : Old Net Name=NetD9_1 New Net Name=NetD8_1
Change Net Name : Old Net Name=NetD10_1 New Net Name=NetD9_1
Change Net Name : Old Net Name=NetD11_1 New Net Name=NetD10_1
Change Net Name : Old Net Name=NetD12_1 New Net Name=NetD11_1
Change Net Name : Old Net Name=NetR4_2 New Net Name=NetR3_2
Change Net Name : Old Net Name=NetR6_2 New Net Name=NetR5_2
Added Pin To Net: NetName=NetQ1_1 Pin=Q1-1
Added Pin To Net: NetName=NetQ1_1 Pin=R21-1
Added Net: Name=NetQ1_1
Added Pin To Net: NetName=NetQ2_1 Pin=Q2-1
Added Pin To Net: NetName=NetQ2_1 Pin=R22-1
Added Net: Name=NetQ2_1
Added Pin To Net: NetName=NetQ3_1 Pin=Q3-1
Added Pin To Net: NetName=NetQ3_1 Pin=R23-1
Added Net: Name=NetQ3_1
Added Pin To Net: NetName=NetQ4_1 Pin=Q4-1
Added Pin To Net: NetName=NetQ4_1 Pin=R24-1
Added Net: Name=NetQ4_1
Added Pin To Net: NetName=NetQ5_1 Pin=Q5-1
Added Pin To Net: NetName=NetQ5_1 Pin=R29-1
Added Net: Name=NetQ5_1
Added Pin To Net: NetName=USART1_RX Pin=PORT2-6
Added Net: Name=USART1_RX
Added Pin To Net: NetName=USART1_TX Pin=PORT2-7
Added Net: Name=USART1_TX
Added Member To Class: ClassName=Drone_v1.0 Member=Component C15 Cap
Added Member To Class: ClassName=Drone_v1.0 Member=Component C16 0402 12pF
Added Member To Class: ClassName=Drone_v1.0 Member=Component C17 0402 12pF
Added Member To Class: ClassName=Drone_v1.0 Member=Component D11 LED0
Added Member To Class: ClassName=Drone_v1.0 Member=Component PORT2 PORT
Added Member To Class: ClassName=Drone_v1.0 Member=Component R29 Res1
Added Member To Class: ClassName=Drone_v1.0 Member=Component R30 Res1
Added Room: Name=Drone_v1.0
