Removed Pin From Net: NetName=3V3 Pin=C2-1
Removed Pin From Net: NetName=GND Pin=C2-2
Removed Pin From Net: NetName=GND Pin=U?-1
Removed Pin From Net: NetName=GND Pin=U?-2
Removed Pin From Net: NetName=VCC Pin=U?-3
Removed Pin From Net: NetName=NetC8_2 Pin=U?-4
Removed Pin From Net: NetName=VCC Pin=U?-5
Removed Pin From Net: NetName=SCL Pin=U?-6
Removed Pin From Net: NetName=SDA Pin=U?-8
Removed Pin From Net: NetName=GND Pin=U?-9
Removed Pin From Net: NetName=NetC16_2 Pin=U?-10
Removed Pin From Net: NetName=GND Pin=U?-11
Removed Pin From Net: NetName=GND Pin=U?-18
Removed Pin From Net: NetName=SCL Pin=U?-23
Removed Pin From Net: NetName=SDA Pin=U?-24
Change Component Designator: OldDesignator=Q? NewDesignator=Q2
Change Component Designator: OldDesignator=U? NewDesignator=U1
Change Component Designator: OldDesignator=U? NewDesignator=U2
Change Component Designator: OldDesignator=U? NewDesignator=U3
Change Component Designator: OldDesignator=U? NewDesignator=U4
Added Component: Designator=C1(0805_¶¥²ã)
Added Component: Designator=C4(0805_¶¥²ã)
Added Component: Designator=C5(0805_¶¥²ã)
Added Component: Designator=C6(0805_¶¥²ã)
Added Component: Designator=C7(0805_¶¥²ã)
Added Component: Designator=C8(0805_¶¥²ã)
Added Component: Designator=C9(0805_¶¥²ã)
Added Component: Designator=C10(0805_¶¥²ã)
Added Component: Designator=C11(0805_¶¥²ã)
Added Component: Designator=C12(0805_¶¥²ã)
Added Component: Designator=C13(0805_¶¥²ã)
Added Component: Designator=C14(0805_¶¥²ã)
Added Component: Designator=C15(0805_¶¥²ã)
Added Component: Designator=C16(0805_¶¥²ã)
Added Component: Designator=C17(0805_¶¥²ã)
Added Component: Designator=D1(1608£¨0603£©_¶¥²ã)
Added Component: Designator=D2(1608£¨0603£©_¶¥²ã)
Added Component: Designator=D3(1608£¨0603£©_¶¥²ã)
Added Component: Designator=D4(1608£¨0603£©_¶¥²ã)
Added Component: Designator=D5(1608£¨0603£©_¶¥²ã)
Added Component: Designator=D6(1608£¨0603£©_¶¥²ã)
Added Component: Designator=R1(0805_¶¥²ã)
Added Component: Designator=R2(0805_¶¥²ã)
Added Component: Designator=R3(0805_¶¥²ã)
Added Component: Designator=R4(0805_¶¥²ã)
Added Component: Designator=R5(0805_¶¥²ã)
Added Component: Designator=R6(0805_¶¥²ã)
Added Component: Designator=R7(0805_¶¥²ã)
Added Component: Designator=R8(0805_¶¥²ã)
Added Component: Designator=R9(0805_¶¥²ã)
Added Component: Designator=R10(0805_¶¥²ã)
Added Component: Designator=R11(0805_¶¥²ã)
Added Component: Designator=R12(0805_¶¥²ã)
Added Component: Designator=R13(0805_¶¥²ã)
Added Pin To Net: NetName=NetC1_1 Pin=C1-1
Added Pin To Net: NetName=GND Pin=C1-2
Added Pin To Net: NetName=GND Pin=C2-1
Added Pin To Net: NetName=3V3 Pin=C2-2
Added Pin To Net: NetName=5V Pin=C4-1
Added Pin To Net: NetName=GND Pin=C4-2
Added Pin To Net: NetName=GND Pin=C5-2
Added Pin To Net: NetName=5V Pin=C6-1
Added Pin To Net: NetName=GND Pin=C6-2
Added Pin To Net: NetName=DTR Pin=C7-1
Added Pin To Net: NetName=RESET Pin=C7-2
Added Pin To Net: NetName=NetC8_1 Pin=C8-1
Added Pin To Net: NetName=NetC8_2 Pin=C8-2
Added Pin To Net: NetName=GND Pin=C9-2
Added Pin To Net: NetName=GND Pin=C10-1
Added Pin To Net: NetName=VCC Pin=C10-2
Added Pin To Net: NetName=GND Pin=C11-2
Added Pin To Net: NetName=GND Pin=C12-1
Added Pin To Net: NetName=VCC Pin=C12-2
Added Pin To Net: NetName=3V3 Pin=C13-1
Added Pin To Net: NetName=GND Pin=C13-2
Added Pin To Net: NetName=GND Pin=C14-2
Added Pin To Net: NetName=3V3 Pin=C15-1
Added Pin To Net: NetName=GND Pin=C15-2
Added Pin To Net: NetName=GND Pin=C16-1
Added Pin To Net: NetName=NetC16_2 Pin=C16-2
Added Pin To Net: NetName=GND Pin=C17-1
Added Pin To Net: NetName=3V3 Pin=C17-2
Added Pin To Net: NetName=NetD1_1 Pin=D1-1
Added Pin To Net: NetName=GND Pin=D1-2
Added Pin To Net: NetName=NetD2_1 Pin=D2-1
Added Pin To Net: NetName=GND Pin=D2-2
Added Pin To Net: NetName=NetD3_1 Pin=D3-1
Added Pin To Net: NetName=GND Pin=D3-2
Added Pin To Net: NetName=NetD4_1 Pin=D4-1
Added Pin To Net: NetName=GND Pin=D4-2
Added Pin To Net: NetName=NetD5_1 Pin=D5-1
Added Pin To Net: NetName=GND Pin=D5-2
Added Pin To Net: NetName=NetD6_1 Pin=D6-1
Added Pin To Net: NetName=GND Pin=D6-2
Added Pin To Net: NetName=D11 Pin=R1-1
Added Pin To Net: NetName=3V3 Pin=R2-1
Added Pin To Net: NetName=SDA Pin=R2-2
Added Pin To Net: NetName=3V3 Pin=R3-1
Added Pin To Net: NetName=SCL Pin=R3-2
Added Pin To Net: NetName=D13 Pin=R4-1
Added Pin To Net: NetName=NetD1_1 Pin=R4-2
Added Pin To Net: NetName=D9 Pin=R5-1
Added Pin To Net: NetName=NetQ3_1 Pin=R5-2
Added Pin To Net: NetName=RESET Pin=R6-1
Added Pin To Net: NetName=5V Pin=R6-2
Added Pin To Net: NetName=D10 Pin=R7-1
Added Pin To Net: NetName=NetQ4_1 Pin=R7-2
Added Pin To Net: NetName=D3 Pin=R8-1
Added Pin To Net: NetName=NetQ5_1 Pin=R8-2
Added Pin To Net: NetName=NetD2_1 Pin=R9-1
Added Pin To Net: NetName=VCC Pin=R9-2
Added Pin To Net: NetName=NetD3_1 Pin=R10-1
Added Pin To Net: NetName=VCC Pin=R10-2
Added Pin To Net: NetName=NetD4_1 Pin=R11-1
Added Pin To Net: NetName=VCC Pin=R11-2
Added Pin To Net: NetName=NetD5_1 Pin=R12-1
Added Pin To Net: NetName=VCC Pin=R12-2
Added Pin To Net: NetName=NetD6_1 Pin=R13-1
Added Pin To Net: NetName=VCC Pin=R13-2
Added Pin To Net: NetName=D3 Pin=U1-1
Added Pin To Net: NetName=D4 Pin=U1-2
Added Pin To Net: NetName=GND Pin=U1-3
Added Pin To Net: NetName=5V Pin=U1-4
Added Pin To Net: NetName=GND Pin=U1-5
Added Pin To Net: NetName=5V Pin=U1-6
Added Pin To Net: NetName=D5 Pin=U1-9
Added Pin To Net: NetName=D6 Pin=U1-10
Added Pin To Net: NetName=5V Pin=U1-18
Added Pin To Net: NetName=5V Pin=U2-1
Added Pin To Net: NetName=GND Pin=U2-2
Added Pin To Net: NetName=VCC Pin=U2-3
Added Pin To Net: NetName=NetC8_1 Pin=U2-4
Added Pin To Net: NetName=VCC Pin=U2-5
Added Pin To Net: NetName=NetC8_2 Pin=U2-6
Added Pin To Net: NetName=GND Pin=U3-1
Added Pin To Net: NetName=3V3 Pin=U3-8
Added Pin To Net: NetName=GND Pin=U3-9
Added Pin To Net: NetName=NetC16_2 Pin=U3-10
Added Pin To Net: NetName=GND Pin=U3-11
Added Pin To Net: NetName=3V3 Pin=U3-13
Added Pin To Net: NetName=GND Pin=U3-18
Added Pin To Net: NetName=SCL Pin=U3-23
Added Pin To Net: NetName=SDA Pin=U3-24
Added Pin To Net: NetName=3V3 Pin=U4-2
Added Pin To Net: NetName=GND Pin=U4-3
Added Pin To Net: NetName=3V3 Pin=U4-5
Added Pin To Net: NetName=SCL Pin=U4-6
Added Pin To Net: NetName=GND Pin=U4-7
Added Pin To Net: NetName=SDA Pin=U4-8
Added Pin To Net: NetName=3V3 Pin=U4-9
Added Pin To Net: NetName=NetC5_1 Pin=C5-1
Added Pin To Net: NetName=NetC5_1 Pin=U1-20
Added Net: Name=NetC5_1
Added Pin To Net: NetName=NetC9_1 Pin=C9-1
Added Pin To Net: NetName=NetC9_1 Pin=U1-8
Added Net: Name=NetC9_1
Added Pin To Net: NetName=NetC11_1 Pin=C11-1
Added Pin To Net: NetName=NetC11_1 Pin=U1-7
Added Net: Name=NetC11_1
Added Pin To Net: NetName=NetC14_1 Pin=C14-1
Added Pin To Net: NetName=NetC14_1 Pin=U3-20
Added Net: Name=NetC14_1
Added Pin To Net: NetName=NetQ1_1 Pin=R1-2
Added Net: Name=NetQ1_1
Added Member To Class: ClassName=miniËÄÖá Member=Component C1 470PF
Added Member To Class: ClassName=miniËÄÖá Member=Component C4 0.1UF
Added Member To Class: ClassName=miniËÄÖá Member=Component C5 0.1UF
Added Member To Class: ClassName=miniËÄÖá Member=Component C6 1UF
Added Member To Class: ClassName=miniËÄÖá Member=Component C7 0.1UF
Added Member To Class: ClassName=miniËÄÖá Member=Component C8 1UF
Added Member To Class: ClassName=miniËÄÖá Member=Component C9 15PF
Added Member To Class: ClassName=miniËÄÖá Member=Component C10 1UF
Added Member To Class: ClassName=miniËÄÖá Member=Component C11 15PF
Added Member To Class: ClassName=miniËÄÖá Member=Component C12 0.1UF
Added Member To Class: ClassName=miniËÄÖá Member=Component C13 22NF
Added Member To Class: ClassName=miniËÄÖá Member=Component C14 2.2NF
Added Member To Class: ClassName=miniËÄÖá Member=Component C15 0.1UF
Added Member To Class: ClassName=miniËÄÖá Member=Component C16 0.1UF
Added Member To Class: ClassName=miniËÄÖá Member=Component C17 0.1UF
Added Member To Class: ClassName=miniËÄÖá Member=Component D1 LED
Added Member To Class: ClassName=miniËÄÖá Member=Component D2 LED
Added Member To Class: ClassName=miniËÄÖá Member=Component D3 LED
Added Member To Class: ClassName=miniËÄÖá Member=Component D4 LED
Added Member To Class: ClassName=miniËÄÖá Member=Component D5 LED
Added Member To Class: ClassName=miniËÄÖá Member=Component D6 LED
Added Member To Class: ClassName=miniËÄÖá Member=Component R1 20K
Added Member To Class: ClassName=miniËÄÖá Member=Component R2 2K
Added Member To Class: ClassName=miniËÄÖá Member=Component R3 2K
Added Member To Class: ClassName=miniËÄÖá Member=Component R4 680
Added Member To Class: ClassName=miniËÄÖá Member=Component R5 20K
Added Member To Class: ClassName=miniËÄÖá Member=Component R6 1K
Added Member To Class: ClassName=miniËÄÖá Member=Component R7 20K
Added Member To Class: ClassName=miniËÄÖá Member=Component R8 20K
Added Member To Class: ClassName=miniËÄÖá Member=Component R9 680
Added Member To Class: ClassName=miniËÄÖá Member=Component R10 680
Added Member To Class: ClassName=miniËÄÖá Member=Component R11 680
Added Member To Class: ClassName=miniËÄÖá Member=Component R12 680
Added Member To Class: ClassName=miniËÄÖá Member=Component R13 680
Added Member To Class: ClassName=miniËÄÖá Member=Component U1 Atmega32_¶¥²ã
Added Member To Class: ClassName=miniËÄÖá Member=Component U2 LTC3200_¶¥²ã
Added Member To Class: ClassName=miniËÄÖá Member=Component U4 BMA020_¶¥²ã
Added Room: Name=miniËÄÖá
