Added Component: Designator=C2(A–ÕµÁ»›)
Added Component: Designator=C3(A–ÕµÁ»›)
Added Component: Designator=P1(≈≈’Î_6_2.54)
Added Component: Designator=P2(≈≈’Î_6_2)
Added Component: Designator=P4(PIN_2Ω≈≈≈’Î)
Added Pin To Net: NetName=3V3 Pin=C2-1
Added Net: Name=3V3
Added Pin To Net: NetName=5V Pin=C3-1
Added Net: Name=5V
Added Net: Name=D2
Added Net: Name=D3
Added Net: Name=D4
Added Net: Name=D5
Added Net: Name=D6
Added Net: Name=D9
Added Net: Name=D10
Added Pin To Net: NetName=D11 Pin=P2-4
Added Net: Name=D11
Added Pin To Net: NetName=D12 Pin=P2-1
Added Net: Name=D12
Added Pin To Net: NetName=D13 Pin=P2-3
Added Net: Name=D13
Added Pin To Net: NetName=DTR Pin=P1-1
Added Net: Name=DTR
Added Pin To Net: NetName=GND Pin=C2-2
Added Pin To Net: NetName=GND Pin=C3-2
Added Pin To Net: NetName=GND Pin=P1-5
Added Pin To Net: NetName=GND Pin=P1-6
Added Pin To Net: NetName=GND Pin=P2-6
Added Pin To Net: NetName=GND Pin=P4-2
Added Net: Name=GND
Added Net: Name=M1-
Added Net: Name=M2-
Added Net: Name=M3-
Added Net: Name=M4-
Added Net: Name=NetC1_1
Added Net: Name=NetC5_2
Added Net: Name=NetC8_1
Added Net: Name=NetC8_2
Added Net: Name=NetC9_2
Added Net: Name=NetC11_2
Added Net: Name=NetC14_2
Added Net: Name=NetC16_2
Added Net: Name=NetD1_1
Added Net: Name=NetD2_1
Added Net: Name=NetD3_1
Added Net: Name=NetD4_1
Added Net: Name=NetD5_1
Added Net: Name=NetD6_1
Added Net: Name=NetQ2_1
Added Net: Name=NetQ3_1
Added Net: Name=NetQ4_1
Added Net: Name=NetQ5_1
Added Pin To Net: NetName=RESET Pin=P2-5
Added Net: Name=RESET
Added Pin To Net: NetName=RX Pin=P1-3
Added Net: Name=RX
Added Net: Name=SCL
Added Net: Name=SDA
Added Pin To Net: NetName=TX Pin=P1-2
Added Net: Name=TX
Added Pin To Net: NetName=VCC Pin=P1-4
Added Pin To Net: NetName=VCC Pin=P2-2
Added Pin To Net: NetName=VCC Pin=P4-1
Added Net: Name=VCC
Added Class: Name=miniÀƒ÷·
Added Room: Name=miniÀƒ÷·
