Added Component: Designator=C2(A–ÕµÁ»›)
Added Component: Designator=C3(A–ÕµÁ»›)
Added Component: Designator=P1(≈≈’Î_6_2.54)
Added Component: Designator=P2(≈≈’Î_6_2)
Added Component: Designator=P4(PIN_2Ω≈≈≈’Î)
Added Component: Designator=Q?(MIC5219_∂•≤„)
Added Component: Designator=U?(ITG3205_∂•≤„)
Added Component: Designator=U?(BMA020_∂•≤„)
Added Component: Designator=U?(LTC3200_∂•≤„)
Added Component: Designator=U?(Atmega32_∂•≤„)
Added Pin To Net: NetName=3V3 Pin=C2-1
Added Pin To Net: NetName=GND Pin=C2-2
Added Pin To Net: NetName=5V Pin=C3-1
Added Pin To Net: NetName=GND Pin=C3-2
Added Pin To Net: NetName=DTR Pin=P1-1
Added Pin To Net: NetName=TX Pin=P1-2
Added Pin To Net: NetName=RX Pin=P1-3
Added Pin To Net: NetName=VCC Pin=P1-4
Added Pin To Net: NetName=GND Pin=P1-5
Added Pin To Net: NetName=GND Pin=P1-6
Added Pin To Net: NetName=D12 Pin=P2-1
Added Pin To Net: NetName=VCC Pin=P2-2
Added Pin To Net: NetName=D13 Pin=P2-3
Added Pin To Net: NetName=D11 Pin=P2-4
Added Pin To Net: NetName=RESET Pin=P2-5
Added Pin To Net: NetName=GND Pin=P2-6
Added Pin To Net: NetName=VCC Pin=P4-1
Added Pin To Net: NetName=GND Pin=P4-2
Added Pin To Net: NetName=VCC Pin=Q?-1
Added Pin To Net: NetName=GND Pin=Q?-2
Added Pin To Net: NetName=VCC Pin=Q?-3
Added Pin To Net: NetName=NetC1_1 Pin=Q?-4
Added Pin To Net: NetName=3V3 Pin=Q?-5
Added Pin To Net: NetName=5V Pin=U?-1
Added Pin To Net: NetName=D3 Pin=U?-1
Added Pin To Net: NetName=GND Pin=U?-1
Added Pin To Net: NetName=3V3 Pin=U?-2
Added Pin To Net: NetName=D4 Pin=U?-2
Added Pin To Net: NetName=GND Pin=U?-2
Added Pin To Net: NetName=GND Pin=U?-3
Added Pin To Net: NetName=GND Pin=U?-3
Added Pin To Net: NetName=VCC Pin=U?-3
Added Pin To Net: NetName=5V Pin=U?-4
Added Pin To Net: NetName=NetC8_2 Pin=U?-4
Added Pin To Net: NetName=3V3 Pin=U?-5
Added Pin To Net: NetName=GND Pin=U?-5
Added Pin To Net: NetName=VCC Pin=U?-5
Added Pin To Net: NetName=5V Pin=U?-6
Added Pin To Net: NetName=NetC8_1 Pin=U?-6
Added Pin To Net: NetName=SCL Pin=U?-6
Added Pin To Net: NetName=GND Pin=U?-7
Added Pin To Net: NetName=NetC11_2 Pin=U?-7
Added Pin To Net: NetName=3V3 Pin=U?-8
Added Pin To Net: NetName=NetC9_2 Pin=U?-8
Added Pin To Net: NetName=SDA Pin=U?-8
Added Pin To Net: NetName=3V3 Pin=U?-9
Added Pin To Net: NetName=D5 Pin=U?-9
Added Pin To Net: NetName=GND Pin=U?-9
Added Pin To Net: NetName=D6 Pin=U?-10
Added Pin To Net: NetName=NetC16_2 Pin=U?-10
Added Pin To Net: NetName=GND Pin=U?-11
Added Pin To Net: NetName=3V3 Pin=U?-13
Added Pin To Net: NetName=D9 Pin=U?-13
Added Pin To Net: NetName=D10 Pin=U?-14
Added Pin To Net: NetName=D11 Pin=U?-15
Added Pin To Net: NetName=D12 Pin=U?-16
Added Pin To Net: NetName=D13 Pin=U?-17
Added Pin To Net: NetName=5V Pin=U?-18
Added Pin To Net: NetName=GND Pin=U?-18
Added Pin To Net: NetName=NetC5_2 Pin=U?-20
Added Pin To Net: NetName=NetC14_2 Pin=U?-20
Added Pin To Net: NetName=GND Pin=U?-21
Added Pin To Net: NetName=SCL Pin=U?-23
Added Pin To Net: NetName=SDA Pin=U?-24
Added Pin To Net: NetName=SDA Pin=U?-27
Added Pin To Net: NetName=SCL Pin=U?-28
Added Pin To Net: NetName=RESET Pin=U?-29
Added Pin To Net: NetName=RX Pin=U?-30
Added Pin To Net: NetName=TX Pin=U?-31
Added Pin To Net: NetName=D2 Pin=U?-32
Added Member To Class: ClassName=miniÀƒ÷· Member=Component C2 2.2uf
Added Member To Class: ClassName=miniÀƒ÷· Member=Component C3 4.7uf
Added Member To Class: ClassName=miniÀƒ÷· Member=Component P1 FDTI
Added Member To Class: ClassName=miniÀƒ÷· Member=Component P2 ISP
Added Member To Class: ClassName=miniÀƒ÷· Member=Component P4 2≈≈’Î
Added Member To Class: ClassName=miniÀƒ÷· Member=Component Q? MIC5219_∂•≤„
Added Member To Class: ClassName=miniÀƒ÷· Member=Component U? ITG3205_∂•≤„
Added Member To Class: ClassName=miniÀƒ÷· Member=Component U? BMA020_∂•≤„
Added Member To Class: ClassName=miniÀƒ÷· Member=Component U? LTC3200_∂•≤„
Added Member To Class: ClassName=miniÀƒ÷· Member=Component U? Atmega32_∂•≤„
Added Room: Name=miniÀƒ÷·
