Change Component Designator: Old Designator=C4 New Designator=C3
Change Component Designator: Old Designator=C5 New Designator=C4
Change Component Designator: Old Designator=C6 New Designator=C5
Change Component Designator: Old Designator=C7 New Designator=C6
Change Component Designator: Old Designator=C9 New Designator=C7
Change Component Designator: Old Designator=C12 New Designator=C8
Change Component Designator: Old Designator=C13 New Designator=C9
Change Component Designator: Old Designator=C14 New Designator=C10
Change Component Designator: Old Designator=C15 New Designator=C11
Change Component Designator: Old Designator=MG1 New Designator=MG4
Change Component Designator: Old Designator=MG2 New Designator=MG1
Change Component Designator: Old Designator=MG3 New Designator=MG2
Change Component Designator: Old Designator=MG4 New Designator=MG3
Change Component Designator: Old Designator=P? New Designator=P1
Change Component Designator: Old Designator=POWER New Designator=POWER1
Change Component Designator: Old Designator=R25 New Designator=R26
Change Component Designator: Old Designator=R26 New Designator=R27
Change Component Designator: Old Designator=R27 New Designator=R28
Change Component Designator: Old Designator=R28 New Designator=R29
Change Component Designator: Old Designator=R29 New Designator=R25
Change Component Designator: Old Designator=U3 New Designator=U2
