Removed Pin From Net: NetName=GND Pin=C3-1
Removed Pin From Net: NetName=3V3 Pin=C8-1
Removed Pin From Net: NetName=GND Pin=C8-2
Removed Pin From Net: NetName=3V3 Pin=C10-1
Removed Pin From Net: NetName=GND Pin=C10-2
Removed Pin From Net: NetName=GND Pin=C11-2
Removed Pin From Net: NetName=3V3 Pin=C16-1
Removed Pin From Net: NetName=GND Pin=C16-2
Removed Pin From Net: NetName=3V3 Pin=C17-1
Removed Pin From Net: NetName=GND Pin=C17-2
Removed Pin From Net: NetName=3V3 Pin=P1-1
Removed Pin From Net: NetName=GND Pin=P1-2
Removed Pin From Net: NetName=SCL Pin=P1-3
Removed Pin From Net: NetName=SDA Pin=P1-4
Removed Pin From Net: NetName=3V3 Pin=P1-5
Removed Pin From Net: NetName=3V3 Pin=P1-6
Removed Pin From Net: NetName=GND Pin=U2-1
Removed Pin From Net: NetName=3V3 Pin=U2-8
Removed Pin From Net: NetName=GND Pin=U2-9
Removed Pin From Net: NetName=GND Pin=U2-10
Removed Pin From Net: NetName=3V3 Pin=U2-13
Removed Pin From Net: NetName=GND Pin=U2-18
Removed Pin From Net: NetName=SCL Pin=U2-23
Removed Pin From Net: NetName=SDA Pin=U2-24
Removed Member From Class: ClassName=Drone_v1.0 Member=C12
Removed Member From Class: ClassName=Drone_v1.0 Member=C13
Removed Member From Class: ClassName=Drone_v1.0 Member=C14
Removed Member From Class: ClassName=Drone_v1.0 Member=C15
Removed Member From Class: ClassName=Drone_v1.0 Member=C16
Removed Member From Class: ClassName=Drone_v1.0 Member=U3
Change Component DesignItemId : Designator=P1 Old DesignItemId=Header 6 New DesignItemId=Header 8
Change Component Footprint: Designator=P1 Old Footprint=HDR1X6 New Footprint=HDR1X8
Change Component Comment : Designator=P1 Old Comment=BMP280 New Comment=MPU6050
Change Component Designator: OldDesignator=C4 NewDesignator=C3
Change Component Designator: OldDesignator=C5 NewDesignator=C4
Change Component Designator: OldDesignator=C6 NewDesignator=C5
Change Component Designator: OldDesignator=C7 NewDesignator=C6
Change Component Designator: OldDesignator=C9 NewDesignator=C7
Change Component Designator: OldDesignator=C12 NewDesignator=C8
Change Component Designator: OldDesignator=C13 NewDesignator=C9
Change Component Designator: OldDesignator=C14 NewDesignator=C10
Change Component Designator: OldDesignator=C15 NewDesignator=C11
Change Component Designator: OldDesignator=R25 NewDesignator=R26
Change Component Designator: OldDesignator=R26 NewDesignator=R27
Change Component Designator: OldDesignator=R27 NewDesignator=R28
Change Component Designator: OldDesignator=R28 NewDesignator=R29
Change Component Designator: OldDesignator=R29 NewDesignator=R25
Change Component Designator: OldDesignator=U3 NewDesignator=U2
Added Pin To Net: NetName=SDA Pin=P1-5
Added Pin To Net: NetName=SCL Pin=P1-6
Added Pin To Net: NetName=GND Pin=P1-7
Added Pin To Net: NetName=VCC Pin=P1-8
Change Net Name : Old Net Name=NetC4_1 New Net Name=NetC3_1
Change Net Name : Old Net Name=NetC7_1 New Net Name=NetC6_1
Added Member To Class: ClassName=Drone_v1.0 Member=Component D11 LED0
Added Member To Class: ClassName=Drone_v1.0 Member=Component R30 Res1
