Removed Pin From Net: NetName=NetC1_1 Pin=C9-1
Removed Pin From Net: NetName=GND Pin=C9-2
Removed Pin From Net: NetName=NetC1_1 Pin=C10-1
Removed Pin From Net: NetName=GND Pin=C10-2
Removed Pin From Net: NetName=3V3 Pin=C11-1
Removed Pin From Net: NetName=GND Pin=C11-2
Removed Pin From Net: NetName=GND Pin=C12-2
Removed Pin From Net: NetName=VCC Pin=J1-1
Removed Pin From Net: NetName=GND Pin=J1-5
Removed Pin From Net: NetName=GND Pin=R13-1
Removed Pin From Net: NetName=3V3 Pin=R36-2
Removed Pin From Net: NetName=VCC Pin=S1-5
Removed Pin From Net: NetName=NetC1_1 Pin=U4-1
Removed Pin From Net: NetName=GND Pin=U4-2
Removed Pin From Net: NetName=NetC1_1 Pin=U4-3
Removed Pin From Net: NetName=3V3 Pin=U4-5
Removed Pin From Net: NetName=GND Pin=U6-3
Removed Member From Class: ClassName=Drone_v1.0 Member=C19
Removed Member From Class: ClassName=Drone_v1.0 Member=C20
Removed Member From Class: ClassName=Drone_v1.0 Member=C21
Removed Member From Class: ClassName=Drone_v1.0 Member=C22
Removed Member From Class: ClassName=Drone_v1.0 Member=D13
Removed Member From Class: ClassName=Drone_v1.0 Member=D14
Removed Member From Class: ClassName=Drone_v1.0 Member=J1
Removed Member From Class: ClassName=Drone_v1.0 Member=R32
Removed Member From Class: ClassName=Drone_v1.0 Member=R33
Removed Member From Class: ClassName=Drone_v1.0 Member=R34
Removed Member From Class: ClassName=Drone_v1.0 Member=R35
Removed Member From Class: ClassName=Drone_v1.0 Member=R36
Removed Member From Class: ClassName=Drone_v1.0 Member=R37
Removed Member From Class: ClassName=Drone_v1.0 Member=U4
Removed Member From Class: ClassName=Drone_v1.0 Member=U6
Change Component Designator: OldDesignator=BMP280 NewDesignator=P1
Change Component Designator: OldDesignator=C1 NewDesignator=C4
Change Component Designator: OldDesignator=C2 NewDesignator=C5
Change Component Designator: OldDesignator=C3 NewDesignator=C6
Change Component Designator: OldDesignator=C4 NewDesignator=C1
Change Component Designator: OldDesignator=C5 NewDesignator=C2
Change Component Designator: OldDesignator=C6 NewDesignator=C3
Change Component Designator: OldDesignator=C13 NewDesignator=C9
Change Component Designator: OldDesignator=C14 NewDesignator=C10
Change Component Designator: OldDesignator=C15 NewDesignator=C11
Change Component Designator: OldDesignator=C16 NewDesignator=C12
Change Component Designator: OldDesignator=C17 NewDesignator=C13
Change Component Designator: OldDesignator=C18 NewDesignator=C14
Change Component Designator: OldDesignator=C19 NewDesignator=C15
Change Component Designator: OldDesignator=C20 NewDesignator=C16
Change Component Designator: OldDesignator=C21 NewDesignator=C17
Change Component Designator: OldDesignator=C22 NewDesignator=C18
Change Component Designator: OldDesignator=D7 NewDesignator=D5
Change Component Designator: OldDesignator=D8 NewDesignator=D6
Change Component Designator: OldDesignator=D9 NewDesignator=D7
Change Component Designator: OldDesignator=D10 NewDesignator=D8
Change Component Designator: OldDesignator=D11 NewDesignator=D9
Change Component Designator: OldDesignator=D12 NewDesignator=D10
Change Component Designator: OldDesignator=D13 NewDesignator=D11
Change Component Designator: OldDesignator=D14 NewDesignator=D12
Change Component Designator: OldDesignator=ME2108A NewDesignator=ME1
Change Component Designator: OldDesignator=PORT NewDesignator=PORT1
Change Component Designator: OldDesignator=R15 NewDesignator=R13
Change Component Designator: OldDesignator=R16 NewDesignator=R12
Change Component Designator: OldDesignator=R17 NewDesignator=R14
Change Component Designator: OldDesignator=R18 NewDesignator=R15
Change Component Designator: OldDesignator=R19 NewDesignator=R16
Change Component Designator: OldDesignator=R20 NewDesignator=R17
Change Component Designator: OldDesignator=R21 NewDesignator=R18
Change Component Designator: OldDesignator=R22 NewDesignator=R19
Change Component Designator: OldDesignator=R23 NewDesignator=R20
Change Component Designator: OldDesignator=R24 NewDesignator=R21
Change Component Designator: OldDesignator=R25 NewDesignator=R22
Change Component Designator: OldDesignator=R26 NewDesignator=R23
Change Component Designator: OldDesignator=R27 NewDesignator=R24
Change Component Designator: OldDesignator=R28 NewDesignator=R25
Change Component Designator: OldDesignator=R29 NewDesignator=R26
Change Component Designator: OldDesignator=R30 NewDesignator=R27
Change Component Designator: OldDesignator=R31 NewDesignator=R28
Change Component Designator: OldDesignator=R32 NewDesignator=R29
Change Component Designator: OldDesignator=R33 NewDesignator=R30
Change Component Designator: OldDesignator=R34 NewDesignator=R31
Change Component Designator: OldDesignator=U2 NewDesignator=U3
Change Component Designator: OldDesignator=U3 NewDesignator=U2
Change Component Designator: OldDesignator=Wifi NewDesignator=Header1
Change Net Name : Old Net Name=NetC1_1 New Net Name=NetC4_1
Change Net Name : Old Net Name=NetC6_2 New Net Name=NetC3_2
Change Net Name : Old Net Name=NetC16_1 New Net Name=NetC12_1
Change Net Name : Old Net Name=NetD7_1 New Net Name=NetD5_1
Change Net Name : Old Net Name=NetD7_2 New Net Name=NetD5_2
Change Net Name : Old Net Name=NetD8_1 New Net Name=NetD6_1
Change Net Name : Old Net Name=NetD9_1 New Net Name=NetD7_1
Change Net Name : Old Net Name=NetD10_1 New Net Name=NetD8_1
Change Net Name : Old Net Name=NetD11_1 New Net Name=NetD9_1
Change Net Name : Old Net Name=NetD12_1 New Net Name=NetD10_1
Change Net Name : Old Net Name=NetD13_1 New Net Name=NetD11_1
Change Net Name : Old Net Name=NetD14_1 New Net Name=NetD12_1
Change Net Name : Old Net Name=NetHeader_3 New Net Name=NetHeader1_3
Change Net Name : Old Net Name=NetHeader_7 New Net Name=NetHeader1_7
Added Member To Class: ClassName=Drone_v1.0 Member=Component Header1 ESP03
Added Member To Class: ClassName=Drone_v1.0 Member=Component P1 BMP280
Added Member To Class: ClassName=Drone_v1.0 Member=Component PORT1 PORT
Added Room: Name=Drone_v1.0
