Added Component: Designator=C1(0805-2)
Added Component: Designator=C2(0805-2)
Added Component: Designator=C3(CAP-3528)
Added Component: Designator=C4(0805-2)
Added Component: Designator=C5(0805-2)
Added Component: Designator=C6(0805-2)
Added Component: Designator=C7(0805-2)
Added Component: Designator=C8(0805-2)
Added Component: Designator=C9(0805-2)
Added Component: Designator=C10(0805-2)
Added Component: Designator=C11(CAP-3528)
Added Component: Designator=C12(0805-2)
Added Component: Designator=C13(0805-2)
Added Component: Designator=C14(0805-2)
Added Component: Designator=C15(0805-2)
Added Component: Designator=C16(0805-2)
Added Component: Designator=C17(0805-2)
Added Component: Designator=C18(0805-2)
Added Component: Designator=C19(0805-2)
Added Component: Designator=C20(0805-2)
Added Component: Designator=C21(0805-2)
Added Component: Designator=C22(0805-2)
Added Component: Designator=D1(DIODE-1206)
Added Component: Designator=D2(LED_0805)
Added Component: Designator=D3(LED_0805)
Added Component: Designator=D4(LED_0805)
Added Component: Designator=D5(LED_0805)
Added Component: Designator=D6(LED_0805)
Added Component: Designator=D7(LED_0805)
Added Component: Designator=D8(LED_0805)
Added Component: Designator=D9(LED_0805)
Added Component: Designator=D10(LED_0805)
Added Component: Designator=D11(LED_0805)
Added Component: Designator=D12(LED_0805)
Added Component: Designator=D13(LED_0805)
Added Component: Designator=D14(LED_0805)
Added Component: Designator=ESP1(HDR2X4_CEN)
Added Component: Designator=J1(USB_MICRO)
Added Component: Designator=L1(1206)
Added Component: Designator=L2(1206)
Added Component: Designator=MG1(Motor)
Added Component: Designator=MG2(Motor)
Added Component: Designator=MG3(Motor)
Added Component: Designator=MG4(Motor)
Added Component: Designator=P1(HDR1X6)
Added Component: Designator=PORT1(HDR2X4_CEN)
Added Component: Designator=POWER1(HDR1X2)
Added Component: Designator=Q1(SOT-23)
Added Component: Designator=Q2(SOT-23)
Added Component: Designator=Q3(SOT-23)
Added Component: Designator=Q4(SOT-23)
Added Component: Designator=Q5(SOT-23)
Added Component: Designator=R1(0805-2)
Added Component: Designator=R2(0805-2)
Added Component: Designator=R3(0805-2)
Added Component: Designator=R4(0805-2)
Added Component: Designator=R5(0805-2)
Added Component: Designator=R6(0805-2)
Added Component: Designator=R7(0805-2)
Added Component: Designator=R8(0805-2)
Added Component: Designator=R9(0805-2)
Added Component: Designator=R10(0805-2)
Added Component: Designator=R11(0805-2)
Added Component: Designator=R12(0805-2)
Added Component: Designator=R13(0805-2)
Added Component: Designator=R14(0805-2)
Added Component: Designator=R15(0805-2)
Added Component: Designator=R16(0805-2)
Added Component: Designator=R17(0805-2)
Added Component: Designator=R18(0805-2)
Added Component: Designator=R19(0805-2)
Added Component: Designator=R20(0805-2)
Added Component: Designator=R21(0805-2)
Added Component: Designator=R22(0805-2)
Added Component: Designator=R23(0805-2)
Added Component: Designator=R24(0805-2)
Added Component: Designator=R25(0805-2)
Added Component: Designator=R26(0805-2)
Added Component: Designator=R27(0805-2)
Added Component: Designator=R28(0805-2)
Added Component: Designator=R29(0805-2)
Added Component: Designator=R30(0805-2)
Added Component: Designator=R31(0805-2)
Added Component: Designator=R32(0805-2)
Added Component: Designator=R33(0805-2)
Added Component: Designator=R34(0805-2)
Added Component: Designator=R35(0805-2)
Added Component: Designator=R36(0805-2)
Added Component: Designator=R37(0805-2)
Added Component: Designator=S1(¿ª¹Ø)
Added Component: Designator=U1(LQFP-48_M)
Added Component: Designator=U2(SOT25-5)
Added Component: Designator=U3(QFN50P400X400X90-24N)
Added Component: Designator=U4(SOT25-5)
Added Component: Designator=U5(SOT-223)
Added Component: Designator=U6(SOP8)
Added Component: Designator=Y1(SMDXTAL3225)
Added Pin To Net: NetName=NetC1_1 Pin=C1-1
Added Pin To Net: NetName=GND Pin=C1-2
Added Pin To Net: NetName=NetC1_1 Pin=C2-1
Added Pin To Net: NetName=GND Pin=C2-2
Added Pin To Net: NetName=3V3 Pin=C3-1
Added Pin To Net: NetName=GND Pin=C3-2
Added Pin To Net: NetName=OSC1 Pin=C4-1
Added Pin To Net: NetName=GND Pin=C4-2
Added Pin To Net: NetName=GND Pin=C5-1
Added Pin To Net: NetName=OSC2 Pin=C5-2
Added Pin To Net: NetName=GND Pin=C6-1
Added Pin To Net: NetName=NetC6_2 Pin=C6-2
Added Pin To Net: NetName=NetC7_1 Pin=C7-1
Added Pin To Net: NetName=GND Pin=C7-2
Added Pin To Net: NetName=NetC8_1 Pin=C8-1
Added Pin To Net: NetName=GND Pin=C8-2
Added Pin To Net: NetName=NetC1_1 Pin=C9-1
Added Pin To Net: NetName=GND Pin=C9-2
Added Pin To Net: NetName=NetC1_1 Pin=C10-1
Added Pin To Net: NetName=GND Pin=C10-2
Added Pin To Net: NetName=3V3 Pin=C11-1
Added Pin To Net: NetName=GND Pin=C11-2
Added Pin To Net: NetName=NetC12_1 Pin=C12-1
Added Pin To Net: NetName=GND Pin=C12-2
Added Pin To Net: NetName=3V3 Pin=C13-1
Added Pin To Net: NetName=GND Pin=C13-2
Added Pin To Net: NetName=RST Pin=C14-1
Added Pin To Net: NetName=GND Pin=C14-2
Added Pin To Net: NetName=3V3 Pin=C15-1
Added Pin To Net: NetName=GND Pin=C15-2
Added Pin To Net: NetName=NetC16_1 Pin=C16-1
Added Pin To Net: NetName=GND Pin=C16-2
Added Pin To Net: NetName=GND Pin=C17-1
Added Pin To Net: NetName=3V3 Pin=C17-2
Added Pin To Net: NetName=GND Pin=C18-1
Added Pin To Net: NetName=3V3 Pin=C18-2
Added Pin To Net: NetName=GND Pin=C19-1
Added Pin To Net: NetName=3V3 Pin=C19-2
Added Pin To Net: NetName=GND Pin=C20-1
Added Pin To Net: NetName=3V3 Pin=C20-2
Added Pin To Net: NetName=3V3 Pin=C21-1
Added Pin To Net: NetName=GND Pin=C21-2
Added Pin To Net: NetName=3V3 Pin=C22-1
Added Pin To Net: NetName=GND Pin=C22-2
Added Pin To Net: NetName=NetD1_1 Pin=D1-1
Added Pin To Net: NetName=NetC8_1 Pin=D1-2
Added Pin To Net: NetName=NetD2_1 Pin=D2-1
Added Pin To Net: NetName=LED1 Pin=D2-2
Added Pin To Net: NetName=NetD3_1 Pin=D3-1
Added Pin To Net: NetName=LED2 Pin=D3-2
Added Pin To Net: NetName=NetD4_1 Pin=D4-1
Added Pin To Net: NetName=GND Pin=D4-2
Added Pin To Net: NetName=VBUS Pin=D5-1
Added Pin To Net: NetName=NetD5_2 Pin=D5-2
Added Pin To Net: NetName=VBUS Pin=D6-1
Added Pin To Net: NetName=NetD6_2 Pin=D6-2
Added Pin To Net: NetName=NetD7_1 Pin=D7-1
Added Pin To Net: NetName=NetD7_2 Pin=D7-2
Added Pin To Net: NetName=NetD8_1 Pin=D8-1
Added Pin To Net: NetName=NetD7_2 Pin=D8-2
Added Pin To Net: NetName=NetD9_1 Pin=D9-1
Added Pin To Net: NetName=NetD7_2 Pin=D9-2
Added Pin To Net: NetName=NetD10_1 Pin=D10-1
Added Pin To Net: NetName=NetD7_2 Pin=D10-2
Added Pin To Net: NetName=NetD11_1 Pin=D11-1
Added Pin To Net: NetName=NetD7_2 Pin=D11-2
Added Pin To Net: NetName=NetD12_1 Pin=D12-1
Added Pin To Net: NetName=NetD7_2 Pin=D12-2
Added Pin To Net: NetName=NetD13_1 Pin=D13-1
Added Pin To Net: NetName=NetD7_2 Pin=D13-2
Added Pin To Net: NetName=NetD14_1 Pin=D14-1
Added Pin To Net: NetName=NetD7_2 Pin=D14-2
Added Pin To Net: NetName=GND Pin=ESP1-1
Added Pin To Net: NetName=NetESP1_3 Pin=ESP1-3
Added Pin To Net: NetName=USART3_TX Pin=ESP1-4
Added Pin To Net: NetName=3V3 Pin=ESP1-5
Added Pin To Net: NetName=NetESP1_7 Pin=ESP1-7
Added Pin To Net: NetName=USART3_RX Pin=ESP1-8
Added Pin To Net: NetName=VCC Pin=J1-1
Added Pin To Net: NetName=NetJ1_2 Pin=J1-2
Added Pin To Net: NetName=NetJ1_3 Pin=J1-3
Added Pin To Net: NetName=GND Pin=J1-5
Added Pin To Net: NetName=NetC8_1 Pin=L1-1
Added Pin To Net: NetName=NetC1_1 Pin=L1-2
Added Pin To Net: NetName=NetD1_1 Pin=L2-1
Added Pin To Net: NetName=VCC Pin=L2-2
Added Pin To Net: NetName=BAT Pin=MG1-1
Added Pin To Net: NetName=NetMG1_2 Pin=MG1-2
Added Pin To Net: NetName=BAT Pin=MG2-1
Added Pin To Net: NetName=NetMG2_2 Pin=MG2-2
Added Pin To Net: NetName=BAT Pin=MG3-1
Added Pin To Net: NetName=NetMG3_2 Pin=MG3-2
Added Pin To Net: NetName=BAT Pin=MG4-1
Added Pin To Net: NetName=NetMG4_2 Pin=MG4-2
Added Pin To Net: NetName=3V3 Pin=P1-1
Added Pin To Net: NetName=GND Pin=P1-2
Added Pin To Net: NetName=SCL Pin=P1-3
Added Pin To Net: NetName=SDA Pin=P1-4
Added Pin To Net: NetName=3V3 Pin=P1-5
Added Pin To Net: NetName=3V3 Pin=P1-6
Added Pin To Net: NetName=SWDIO Pin=PORT1-1
Added Pin To Net: NetName=GND Pin=PORT1-2
Added Pin To Net: NetName=SWCLK Pin=PORT1-3
Added Pin To Net: NetName=3V3 Pin=PORT1-4
Added Pin To Net: NetName=3V3 Pin=PORT1-5
Added Pin To Net: NetName=USART3_RX Pin=PORT1-6
Added Pin To Net: NetName=USART3_TX Pin=PORT1-7
Added Pin To Net: NetName=GND Pin=PORT1-8
Added Pin To Net: NetName=AGND Pin=POWER1-1
Added Pin To Net: NetName=BAT Pin=POWER1-2
Added Pin To Net: NetName=NetMG1_2 Pin=Q1-1
Added Pin To Net: NetName=NetQ1_2 Pin=Q1-2
Added Pin To Net: NetName=AGND Pin=Q1-3
Added Pin To Net: NetName=NetMG2_2 Pin=Q2-1
Added Pin To Net: NetName=NetQ2_2 Pin=Q2-2
Added Pin To Net: NetName=AGND Pin=Q2-3
Added Pin To Net: NetName=NetMG3_2 Pin=Q3-1
Added Pin To Net: NetName=NetQ3_2 Pin=Q3-2
Added Pin To Net: NetName=AGND Pin=Q3-3
Added Pin To Net: NetName=NetMG4_2 Pin=Q4-1
Added Pin To Net: NetName=NetQ4_2 Pin=Q4-2
Added Pin To Net: NetName=AGND Pin=Q4-3
Added Pin To Net: NetName=NetD7_2 Pin=Q5-1
Added Pin To Net: NetName=NetQ5_G Pin=Q5-2
Added Pin To Net: NetName=AGND Pin=Q5-3
Added Pin To Net: NetName=NetR1_1 Pin=R1-1
Added Pin To Net: NetName=VCC Pin=R1-2
Added Pin To Net: NetName=GND Pin=R2-1
Added Pin To Net: NetName=GND Pin=R2-2
Added Pin To Net: NetName=NetR1_1 Pin=R3-1
Added Pin To Net: NetName=AGND Pin=R3-2
Added Pin To Net: NetName=GND Pin=R4-1
Added Pin To Net: NetName=NetR4_2 Pin=R4-2
Added Pin To Net: NetName=RST Pin=R5-1
Added Pin To Net: NetName=3V3 Pin=R5-2
Added Pin To Net: NetName=GND Pin=R6-1
Added Pin To Net: NetName=NetR6_2 Pin=R6-2
Added Pin To Net: NetName=3V3 Pin=R7-1
Added Pin To Net: NetName=SCL Pin=R7-2
Added Pin To Net: NetName=NetD2_1 Pin=R8-1
Added Pin To Net: NetName=3V3 Pin=R8-2
Added Pin To Net: NetName=NetD3_1 Pin=R9-1
Added Pin To Net: NetName=3V3 Pin=R9-2
Added Pin To Net: NetName=NetD4_1 Pin=R10-1
Added Pin To Net: NetName=3V3 Pin=R10-2
Added Pin To Net: NetName=3V3 Pin=R11-1
Added Pin To Net: NetName=SDA Pin=R11-2
Added Pin To Net: NetName=NetR12_1 Pin=R12-1
Added Pin To Net: NetName=NetD5_2 Pin=R12-2
Added Pin To Net: NetName=GND Pin=R13-1
Added Pin To Net: NetName=NetR13_2 Pin=R13-2
Added Pin To Net: NetName=NetR14_1 Pin=R14-1
Added Pin To Net: NetName=NetD6_2 Pin=R14-2
Added Pin To Net: NetName=KEY Pin=R15-1
Added Pin To Net: NetName=NetESP1_3 Pin=R15-2
Added Pin To Net: NetName=NetESP1_7 Pin=R16-1
Added Pin To Net: NetName=3V3 Pin=R16-2
Added Pin To Net: NetName=BAT Pin=R17-1
Added Pin To Net: NetName=NetD7_1 Pin=R17-2
Added Pin To Net: NetName=BAT Pin=R18-1
Added Pin To Net: NetName=NetD8_1 Pin=R18-2
Added Pin To Net: NetName=BAT Pin=R19-1
Added Pin To Net: NetName=NetD9_1 Pin=R19-2
Added Pin To Net: NetName=BAT Pin=R20-1
Added Pin To Net: NetName=NetD10_1 Pin=R20-2
Added Pin To Net: NetName=BAT Pin=R21-1
Added Pin To Net: NetName=NetD11_1 Pin=R21-2
Added Pin To Net: NetName=BAT Pin=R22-1
Added Pin To Net: NetName=NetD12_1 Pin=R22-2
Added Pin To Net: NetName=BAT Pin=R23-1
Added Pin To Net: NetName=NetD13_1 Pin=R23-2
Added Pin To Net: NetName=BAT Pin=R24-1
Added Pin To Net: NetName=NetD14_1 Pin=R24-2
Added Pin To Net: NetName=NetQ1_2 Pin=R25-1
Added Pin To Net: NetName=PWM1 Pin=R25-2
Added Pin To Net: NetName=NetQ2_2 Pin=R26-1
Added Pin To Net: NetName=PWM2 Pin=R26-2
Added Pin To Net: NetName=NetQ3_2 Pin=R27-1
Added Pin To Net: NetName=PWM3 Pin=R27-2
Added Pin To Net: NetName=NetQ4_2 Pin=R28-1
Added Pin To Net: NetName=PWM4 Pin=R28-2
Added Pin To Net: NetName=AGND Pin=R29-1
Added Pin To Net: NetName=PWM1 Pin=R29-2
Added Pin To Net: NetName=AGND Pin=R30-1
Added Pin To Net: NetName=PWM2 Pin=R30-2
Added Pin To Net: NetName=AGND Pin=R31-1
Added Pin To Net: NetName=PWM3 Pin=R31-2
Added Pin To Net: NetName=AGND Pin=R32-1
Added Pin To Net: NetName=PWM4 Pin=R32-2
Added Pin To Net: NetName=NetQ5_G Pin=R33-1
Added Pin To Net: NetName=PWM4 Pin=R33-2
Added Pin To Net: NetName=AGND Pin=R34-1
Added Pin To Net: NetName=PWM4 Pin=R34-2
Added Pin To Net: NetName=OTG_FS_DM Pin=R35-1
Added Pin To Net: NetName=NetJ1_2 Pin=R35-2
Added Pin To Net: NetName=OTG_FS_DP Pin=R36-1
Added Pin To Net: NetName=3V3 Pin=R36-2
Added Pin To Net: NetName=OTG_FS_DP Pin=R37-1
Added Pin To Net: NetName=NetJ1_3 Pin=R37-2
Added Pin To Net: NetName=VCC Pin=S1-1
Added Pin To Net: NetName=BAT Pin=S1-2
Added Pin To Net: NetName=CBAT Pin=S1-3
Added Pin To Net: NetName=VCC Pin=S1-5
Added Pin To Net: NetName=VBUS Pin=S1-6
Added Pin To Net: NetName=3V3 Pin=U1-1
Added Pin To Net: NetName=OSC1 Pin=U1-5
Added Pin To Net: NetName=OSC2 Pin=U1-6
Added Pin To Net: NetName=RST Pin=U1-7
Added Pin To Net: NetName=GND Pin=U1-8
Added Pin To Net: NetName=3V3 Pin=U1-9
Added Pin To Net: NetName=PWM1 Pin=U1-10
Added Pin To Net: NetName=PWM2 Pin=U1-11
Added Pin To Net: NetName=PWM3 Pin=U1-12
Added Pin To Net: NetName=PWM4 Pin=U1-13
Added Pin To Net: NetName=NetR1_1 Pin=U1-14
Added Pin To Net: NetName=LED1 Pin=U1-15
Added Pin To Net: NetName=LED2 Pin=U1-16
Added Pin To Net: NetName=NetR6_2 Pin=U1-20
Added Pin To Net: NetName=USART3_TX Pin=U1-21
Added Pin To Net: NetName=USART3_RX Pin=U1-22
Added Pin To Net: NetName=GND Pin=U1-23
Added Pin To Net: NetName=3V3 Pin=U1-24
Added Pin To Net: NetName=SWDIO Pin=U1-34
Added Pin To Net: NetName=GND Pin=U1-35
Added Pin To Net: NetName=3V3 Pin=U1-36
Added Pin To Net: NetName=SWCLK Pin=U1-37
Added Pin To Net: NetName=KEY Pin=U1-41
Added Pin To Net: NetName=SCL Pin=U1-42
Added Pin To Net: NetName=SDA Pin=U1-43
Added Pin To Net: NetName=NetR4_2 Pin=U1-44
Added Pin To Net: NetName=LED_EN Pin=U1-45
Added Pin To Net: NetName=GND Pin=U1-47
Added Pin To Net: NetName=3V3 Pin=U1-48
Added Pin To Net: NetName=NetC1_1 Pin=U2-1
Added Pin To Net: NetName=GND Pin=U2-2
Added Pin To Net: NetName=NetC1_1 Pin=U2-3
Added Pin To Net: NetName=NetC7_1 Pin=U2-4
Added Pin To Net: NetName=3V3 Pin=U2-5
Added Pin To Net: NetName=GND Pin=U3-1
Added Pin To Net: NetName=3V3 Pin=U3-8
Added Pin To Net: NetName=GND Pin=U3-9
Added Pin To Net: NetName=GND Pin=U3-10
Added Pin To Net: NetName=NetC16_1 Pin=U3-11
Added Pin To Net: NetName=3V3 Pin=U3-13
Added Pin To Net: NetName=GND Pin=U3-18
Added Pin To Net: NetName=NetC6_2 Pin=U3-20
Added Pin To Net: NetName=SCL Pin=U3-23
Added Pin To Net: NetName=SDA Pin=U3-24
Added Pin To Net: NetName=NetC1_1 Pin=U4-1
Added Pin To Net: NetName=GND Pin=U4-2
Added Pin To Net: NetName=NetC1_1 Pin=U4-3
Added Pin To Net: NetName=NetC12_1 Pin=U4-4
Added Pin To Net: NetName=3V3 Pin=U4-5
Added Pin To Net: NetName=GND Pin=U5-1
Added Pin To Net: NetName=NetC8_1 Pin=U5-1
Added Pin To Net: NetName=NetD1_1 Pin=U5-2
Added Pin To Net: NetName=NetR13_2 Pin=U6-2
Added Pin To Net: NetName=GND Pin=U6-3
Added Pin To Net: NetName=VBUS Pin=U6-4
Added Pin To Net: NetName=CBAT Pin=U6-5
Added Pin To Net: NetName=NetR12_1 Pin=U6-6
Added Pin To Net: NetName=NetR14_1 Pin=U6-7
Added Pin To Net: NetName=VBUS Pin=U6-8
Added Pin To Net: NetName=OSC1 Pin=Y1-1
Added Pin To Net: NetName=OSC2 Pin=Y1-2
Change Net Name : Old Net Name=NetQ5_G New Net Name=NetQ5_2
Added Member To Class: ClassName=Drone_v1.0 Member=Component C1 0402 12pF
Added Member To Class: ClassName=Drone_v1.0 Member=Component C2 0402 12pF
Added Member To Class: ClassName=Drone_v1.0 Member=Component C3 Cap Pol
Added Member To Class: ClassName=Drone_v1.0 Member=Component C4 0402 12pF
Added Member To Class: ClassName=Drone_v1.0 Member=Component C5 0402 12pF
Added Member To Class: ClassName=Drone_v1.0 Member=Component C6 0402 12pF
Added Member To Class: ClassName=Drone_v1.0 Member=Component C7 0402 12pF
Added Member To Class: ClassName=Drone_v1.0 Member=Component C8 0402 12pF
Added Member To Class: ClassName=Drone_v1.0 Member=Component C9 0402 12pF
Added Member To Class: ClassName=Drone_v1.0 Member=Component C10 0402 12pF
Added Member To Class: ClassName=Drone_v1.0 Member=Component C11 Cap Pol
Added Member To Class: ClassName=Drone_v1.0 Member=Component C12 0402 12pF
Added Member To Class: ClassName=Drone_v1.0 Member=Component C13 0402 12pF
Added Member To Class: ClassName=Drone_v1.0 Member=Component C14 Cap
Added Member To Class: ClassName=Drone_v1.0 Member=Component C15 0402 12pF
Added Member To Class: ClassName=Drone_v1.0 Member=Component C16 0402 12pF
Added Member To Class: ClassName=Drone_v1.0 Member=Component C17 Cap
Added Member To Class: ClassName=Drone_v1.0 Member=Component C18 Cap
Added Member To Class: ClassName=Drone_v1.0 Member=Component C19 Cap
Added Member To Class: ClassName=Drone_v1.0 Member=Component C20 Cap
Added Member To Class: ClassName=Drone_v1.0 Member=Component C21 0402 12pF
Added Member To Class: ClassName=Drone_v1.0 Member=Component C22 0402 12pF
Added Member To Class: ClassName=Drone_v1.0 Member=Component D1 Diode
Added Member To Class: ClassName=Drone_v1.0 Member=Component D2 LED0
Added Member To Class: ClassName=Drone_v1.0 Member=Component D3 LED0
Added Member To Class: ClassName=Drone_v1.0 Member=Component D4 LED0
Added Member To Class: ClassName=Drone_v1.0 Member=Component D5 LED0
Added Member To Class: ClassName=Drone_v1.0 Member=Component D6 LED0
Added Member To Class: ClassName=Drone_v1.0 Member=Component D7 LED0
Added Member To Class: ClassName=Drone_v1.0 Member=Component D8 LED0
Added Member To Class: ClassName=Drone_v1.0 Member=Component D9 LED0
Added Member To Class: ClassName=Drone_v1.0 Member=Component D10 LED0
Added Member To Class: ClassName=Drone_v1.0 Member=Component D11 LED0
Added Member To Class: ClassName=Drone_v1.0 Member=Component D12 LED0
Added Member To Class: ClassName=Drone_v1.0 Member=Component D13 LED0
Added Member To Class: ClassName=Drone_v1.0 Member=Component D14 LED0
Added Member To Class: ClassName=Drone_v1.0 Member=Component ESP1 ESP8266
Added Member To Class: ClassName=Drone_v1.0 Member=Component J1 USB_M
Added Member To Class: ClassName=Drone_v1.0 Member=Component L1 Inductor
Added Member To Class: ClassName=Drone_v1.0 Member=Component L2 Inductor
Added Member To Class: ClassName=Drone_v1.0 Member=Component MG1 MOTOR AC
Added Member To Class: ClassName=Drone_v1.0 Member=Component MG2 MOTOR AC
Added Member To Class: ClassName=Drone_v1.0 Member=Component MG3 MOTOR AC
Added Member To Class: ClassName=Drone_v1.0 Member=Component MG4 MOTOR AC
Added Member To Class: ClassName=Drone_v1.0 Member=Component P1 BMP280
Added Member To Class: ClassName=Drone_v1.0 Member=Component PORT1 PORT
Added Member To Class: ClassName=Drone_v1.0 Member=Component POWER1 Header 2
Added Member To Class: ClassName=Drone_v1.0 Member=Component Q1 MOSFET-N
Added Member To Class: ClassName=Drone_v1.0 Member=Component Q2 MOSFET-N
Added Member To Class: ClassName=Drone_v1.0 Member=Component Q3 MOSFET-N
Added Member To Class: ClassName=Drone_v1.0 Member=Component Q4 MOSFET-N
Added Member To Class: ClassName=Drone_v1.0 Member=Component Q5 MOSFET-N
Added Member To Class: ClassName=Drone_v1.0 Member=Component R1 Res1
Added Member To Class: ClassName=Drone_v1.0 Member=Component R2 Res1
Added Member To Class: ClassName=Drone_v1.0 Member=Component R3 Res1
Added Member To Class: ClassName=Drone_v1.0 Member=Component R4 Res1
Added Member To Class: ClassName=Drone_v1.0 Member=Component R5 Res1
Added Member To Class: ClassName=Drone_v1.0 Member=Component R6 Res1
Added Member To Class: ClassName=Drone_v1.0 Member=Component R7 Res1
Added Member To Class: ClassName=Drone_v1.0 Member=Component R8 Res1
Added Member To Class: ClassName=Drone_v1.0 Member=Component R9 Res1
Added Member To Class: ClassName=Drone_v1.0 Member=Component R10 Res1
Added Member To Class: ClassName=Drone_v1.0 Member=Component R11 Res1
Added Member To Class: ClassName=Drone_v1.0 Member=Component R12 Res1
Added Member To Class: ClassName=Drone_v1.0 Member=Component R13 Res1
Added Member To Class: ClassName=Drone_v1.0 Member=Component R14 Res1
Added Member To Class: ClassName=Drone_v1.0 Member=Component R15 Res1
Added Member To Class: ClassName=Drone_v1.0 Member=Component R16 Res1
Added Member To Class: ClassName=Drone_v1.0 Member=Component R17 Res1
Added Member To Class: ClassName=Drone_v1.0 Member=Component R18 Res1
Added Member To Class: ClassName=Drone_v1.0 Member=Component R19 Res1
Added Member To Class: ClassName=Drone_v1.0 Member=Component R20 Res1
Added Member To Class: ClassName=Drone_v1.0 Member=Component R21 Res1
Added Member To Class: ClassName=Drone_v1.0 Member=Component R22 Res1
Added Member To Class: ClassName=Drone_v1.0 Member=Component R23 Res1
Added Member To Class: ClassName=Drone_v1.0 Member=Component R24 Res1
Added Member To Class: ClassName=Drone_v1.0 Member=Component R25 Res1
Added Member To Class: ClassName=Drone_v1.0 Member=Component R26 Res1
Added Member To Class: ClassName=Drone_v1.0 Member=Component R27 Res1
Added Member To Class: ClassName=Drone_v1.0 Member=Component R28 Res1
Added Member To Class: ClassName=Drone_v1.0 Member=Component R29 Res1
Added Member To Class: ClassName=Drone_v1.0 Member=Component R30 Res1
Added Member To Class: ClassName=Drone_v1.0 Member=Component R31 Res1
Added Member To Class: ClassName=Drone_v1.0 Member=Component R32 Res1
Added Member To Class: ClassName=Drone_v1.0 Member=Component R33 Res1
Added Member To Class: ClassName=Drone_v1.0 Member=Component R34 Res1
Added Member To Class: ClassName=Drone_v1.0 Member=Component R35 Res1
Added Member To Class: ClassName=Drone_v1.0 Member=Component R36 Res1
Added Member To Class: ClassName=Drone_v1.0 Member=Component R37 Res1
Added Member To Class: ClassName=Drone_v1.0 Member=Component S1 Switch
Added Member To Class: ClassName=Drone_v1.0 Member=Component U1 STM32F103C
Added Member To Class: ClassName=Drone_v1.0 Member=Component U2 MIC5219
Added Member To Class: ClassName=Drone_v1.0 Member=Component U3 MPU6050
Added Member To Class: ClassName=Drone_v1.0 Member=Component U4 MIC5219
Added Member To Class: ClassName=Drone_v1.0 Member=Component U5 ME2108A
Added Member To Class: ClassName=Drone_v1.0 Member=Component U6 TP4056
Added Member To Class: ClassName=Drone_v1.0 Member=Component Y1 Micro 3215
Added Room: Name=Drone_v1.0
