Change Component Designator: Old Designator=C1 New Designator=C2
Change Component Designator: Old Designator=C1 New Designator=C4
Change Component Designator: Old Designator=C1 New Designator=C6
Change Component Designator: Old Designator=C1 New Designator=C7
Change Component Designator: Old Designator=C1 New Designator=C8
Change Component Designator: Old Designator=C1 New Designator=C9
Change Component Designator: Old Designator=C1 New Designator=C10
Change Component Designator: Old Designator=C1 New Designator=C12
Change Component Designator: Old Designator=C1 New Designator=C14
Change Component Designator: Old Designator=C1 New Designator=C19
Change Component Designator: Old Designator=C1 New Designator=C20
Change Component Designator: Old Designator=C2 New Designator=C5
Change Component Designator: Old Designator=C3 New Designator=C13
Change Component Designator: Old Designator=C4 New Designator=C15
Change Component Designator: Old Designator=C5 New Designator=C16
Change Component Designator: Old Designator=C6 New Designator=C17
Change Component Designator: Old Designator=C7 New Designator=C18
Change Component Designator: Old Designator=C8 New Designator=C3
Change Component Designator: Old Designator=C9 New Designator=C11
Change Component Designator: Old Designator=D1 New Designator=D2
Change Component Designator: Old Designator=D1 New Designator=D5
Change Component Designator: Old Designator=D1 New Designator=D6
Change Component Designator: Old Designator=D2 New Designator=D3
Change Component Designator: Old Designator=D3 New Designator=D4
Change Component Designator: Old Designator=D4 New Designator=D1
Change Component Designator: Old Designator=R5 New Designator=R12
Change Component Designator: Old Designator=R5 New Designator=R13
Change Component Designator: Old Designator=R5 New Designator=R14
Change Component Designator: Old Designator=R12 New Designator=R15
Change Component Designator: Old Designator=R13 New Designator=R16
Change Component Designator: Old Designator=R14 New Designator=R21
Change Component Designator: Old Designator=R15 New Designator=R17
Change Component Designator: Old Designator=R15 New Designator=R18
Change Component Designator: Old Designator=R15 New Designator=R19
Change Component Designator: Old Designator=R15 New Designator=R20
Change Component Designator: Old Designator=R15 New Designator=R22
Change Component Designator: Old Designator=R15 New Designator=R23
Change Component Designator: Old Designator=R15 New Designator=R24
Change Component Designator: Old Designator=R15 New Designator=R25
Change Component Designator: Old Designator=R15 New Designator=R26
Change Component Designator: Old Designator=R16 New Designator=R27
Change Component Designator: Old Designator=U3 New Designator=U4
Change Component Designator: Old Designator=U4 New Designator=U5
Change Component Designator: Old Designator=U? New Designator=U3
Change Component Designator: Old Designator=U? New Designator=U6
