Change Component Designator: Old Designator=C6 New Designator=C7
Change Component Designator: Old Designator=C7 New Designator=C8
Change Component Designator: Old Designator=C8 New Designator=C6
Change Component Designator: Old Designator=C13 New Designator=C14
Change Component Designator: Old Designator=C14 New Designator=C13
Change Component Designator: Old Designator=C15 New Designator=C17
Change Component Designator: Old Designator=C16 New Designator=C18
Change Component Designator: Old Designator=C17 New Designator=C19
Change Component Designator: Old Designator=C18 New Designator=C20
Change Component Designator: Old Designator=C19 New Designator=C15
Change Component Designator: Old Designator=C19 New Designator=C22
Change Component Designator: Old Designator=C20 New Designator=C16
Change Component Designator: Old Designator=C20 New Designator=C21
Change Component Designator: Old Designator=D6 New Designator=D7
Change Component Designator: Old Designator=D6 New Designator=D8
Change Component Designator: Old Designator=D6 New Designator=D9
Change Component Designator: Old Designator=D6 New Designator=D10
Change Component Designator: Old Designator=D6 New Designator=D11
Change Component Designator: Old Designator=D6 New Designator=D12
Change Component Designator: Old Designator=D6 New Designator=D13
Change Component Designator: Old Designator=D6 New Designator=D14
Change Component Designator: Old Designator=Q4 New Designator=Q5
Change Component Designator: Old Designator=R14 New Designator=R17
Change Component Designator: Old Designator=R14 New Designator=R18
Change Component Designator: Old Designator=R14 New Designator=R19
Change Component Designator: Old Designator=R14 New Designator=R20
Change Component Designator: Old Designator=R14 New Designator=R21
Change Component Designator: Old Designator=R14 New Designator=R22
Change Component Designator: Old Designator=R14 New Designator=R23
Change Component Designator: Old Designator=R14 New Designator=R24
Change Component Designator: Old Designator=R17 New Designator=R25
Change Component Designator: Old Designator=R18 New Designator=R26
Change Component Designator: Old Designator=R19 New Designator=R27
Change Component Designator: Old Designator=R20 New Designator=R28
Change Component Designator: Old Designator=R20 New Designator=R33
Change Component Designator: Old Designator=R21 New Designator=R35
Change Component Designator: Old Designator=R22 New Designator=R36
Change Component Designator: Old Designator=R23 New Designator=R29
Change Component Designator: Old Designator=R24 New Designator=R30
Change Component Designator: Old Designator=R25 New Designator=R31
Change Component Designator: Old Designator=R26 New Designator=R32
Change Component Designator: Old Designator=R26 New Designator=R34
Change Component Designator: Old Designator=R27 New Designator=R37
Change Component Designator: Old Designator=U? New Designator=U7
